<?xml version="1.0" encoding="UTF-8"?>
<testsuites>
  <testsuite name="CodeIgniter Application Test Suite" tests="25" assertions="30" failures="0" errors="0" time="5.428350">
    <testsuite name="Login_test" file="C:\xampp\htdocs\evfund\application\tests\controllers\Login_test.php" tests="7" assertions="10" failures="0" errors="0" time="2.309426">
      <testcase name="test_index" class="Login_test" file="C:\xampp\htdocs\evfund\application\tests\controllers\Login_test.php" line="10" assertions="1" time="0.752672"/>
      <testcase name="test_login_nopassword" class="Login_test" file="C:\xampp\htdocs\evfund\application\tests\controllers\Login_test.php" line="16" assertions="1" time="0.183128"/>
      <testcase name="test_Login_salah" class="Login_test" file="C:\xampp\htdocs\evfund\application\tests\controllers\Login_test.php" line="26" assertions="1" time="0.458910"/>
      <testcase name="test_Login_Sukses" class="Login_test" file="C:\xampp\htdocs\evfund\application\tests\controllers\Login_test.php" line="36" assertions="2" time="0.649565"/>
      <testcase name="test_logout" class="Login_test" file="C:\xampp\htdocs\evfund\application\tests\controllers\Login_test.php" line="47" assertions="3" time="0.135811"/>
      <testcase name="test_method_404" class="Login_test" file="C:\xampp\htdocs\evfund\application\tests\controllers\Login_test.php" line="54" assertions="1" time="0.077444"/>
      <testcase name="test_APPPATH" class="Login_test" file="C:\xampp\htdocs\evfund\application\tests\controllers\Login_test.php" line="60" assertions="1" time="0.051896"/>
    </testsuite>
    <testsuite name="Register_test" file="C:\xampp\htdocs\evfund\application\tests\controllers\Register_test.php" tests="4" assertions="4" failures="0" errors="0" time="0.892551">
      <testcase name="test_index" class="Register_test" file="C:\xampp\htdocs\evfund\application\tests\controllers\Register_test.php" line="10" assertions="1" time="0.211571"/>
      <testcase name="test_register_noemail_nopassword" class="Register_test" file="C:\xampp\htdocs\evfund\application\tests\controllers\Register_test.php" line="16" assertions="1" time="0.189359"/>
      <testcase name="test_create_user_nopassword" class="Register_test" file="C:\xampp\htdocs\evfund\application\tests\controllers\Register_test.php" line="27" assertions="1" time="0.271891"/>
      <testcase name="test_create_user_noemail" class="Register_test" file="C:\xampp\htdocs\evfund\application\tests\controllers\Register_test.php" line="38" assertions="1" time="0.219730"/>
    </testsuite>
    <testsuite name="Uploads_test" file="C:\xampp\htdocs\evfund\application\tests\controllers\Uploads_test.php" tests="6" assertions="6" failures="0" errors="0" time="1.004918">
      <testcase name="test_index" class="Uploads_test" file="C:\xampp\htdocs\evfund\application\tests\controllers\Uploads_test.php" line="10" assertions="1" time="0.356919"/>
      <testcase name="test_create" class="Uploads_test" file="C:\xampp\htdocs\evfund\application\tests\controllers\Uploads_test.php" line="17" assertions="1" time="0.197828"/>
      <testcase name="test_update" class="Uploads_test" file="C:\xampp\htdocs\evfund\application\tests\controllers\Uploads_test.php" line="23" assertions="1" time="0.191352"/>
      <testcase name="test_delete" class="Uploads_test" file="C:\xampp\htdocs\evfund\application\tests\controllers\Uploads_test.php" line="29" assertions="1" time="0.129404"/>
      <testcase name="test_method_404" class="Uploads_test" file="C:\xampp\htdocs\evfund\application\tests\controllers\Uploads_test.php" line="35" assertions="1" time="0.081155"/>
      <testcase name="test_APPPATH" class="Uploads_test" file="C:\xampp\htdocs\evfund\application\tests\controllers\Uploads_test.php" line="41" assertions="1" time="0.048260"/>
    </testsuite>
    <testsuite name="Login_model_test" file="C:\xampp\htdocs\evfund\application\tests\models\Login_model_test.php" tests="3" assertions="3" failures="0" errors="0" time="0.303226">
      <testcase name="test_resolve_user_login" class="Login_model_test" file="C:\xampp\htdocs\evfund\application\tests\models\Login_model_test.php" line="12" assertions="1" time="0.146695"/>
      <testcase name="test_get_user_id" class="Login_model_test" file="C:\xampp\htdocs\evfund\application\tests\models\Login_model_test.php" line="17" assertions="1" time="0.082425"/>
      <testcase name="test_get_username" class="Login_model_test" file="C:\xampp\htdocs\evfund\application\tests\models\Login_model_test.php" line="22" assertions="1" time="0.074106"/>
    </testsuite>
    <testsuite name="Register_model_test" file="C:\xampp\htdocs\evfund\application\tests\models\Register_model_test.php" tests="1" assertions="2" failures="0" errors="0" time="0.357271">
      <testcase name="test_create_user" class="Register_model_test" file="C:\xampp\htdocs\evfund\application\tests\models\Register_model_test.php" line="12" assertions="2" time="0.357271"/>
    </testsuite>
    <testsuite name="Uploads_model_test" file="C:\xampp\htdocs\evfund\application\tests\models\Uploads_model_test.php" tests="4" assertions="5" failures="0" errors="0" time="0.560958">
      <testcase name="test_find" class="Uploads_model_test" file="C:\xampp\htdocs\evfund\application\tests\models\Uploads_model_test.php" line="12" assertions="1" time="0.088329"/>
      <testcase name="test_create" class="Uploads_model_test" file="C:\xampp\htdocs\evfund\application\tests\models\Uploads_model_test.php" line="24" assertions="2" time="0.263389"/>
      <testcase name="test_update" class="Uploads_model_test" file="C:\xampp\htdocs\evfund\application\tests\models\Uploads_model_test.php" line="38" assertions="1" time="0.145054"/>
      <testcase name="test_delete" class="Uploads_model_test" file="C:\xampp\htdocs\evfund\application\tests\models\Uploads_model_test.php" line="49" assertions="1" time="0.064186"/>
    </testsuite>
  </testsuite>
</testsuites>
